======================================================================
SCRIPT 15 - Multi-seed baseline: STGRAM
Log-Mel(64) + pos_weight + BCE | epochs=10
Machines: ['fan', 'pump', 'slider', 'valve'] | Seeds: [42, 0, 123, 456, 789, 1, 2024, 999, 7, 314]
======================================================================

[FAN] extracting Log-Mel features...
    extracted 1000/5550  [36s]
    extracted 2000/5550  [67s]
    extracted 3000/5550  [96s]
    extracted 4000/5550  [134s]
    extracted 5000/5550  [167s]
    feature extraction done: 5550 files in 185s
  seed   42: AUC=0.9203  pAUC=0.7876  F1=0.7652  Rec=0.7397  Acc=87.12%  [611s]
  seed    0: AUC=0.9395  pAUC=0.8146  F1=0.7572  Rec=0.8776  Acc=85.50%  [515s]
  seed  123: AUC=0.9181  pAUC=0.7861  F1=0.7731  Rec=0.8516  Acc=86.04%  [564s]
  seed  456: AUC=0.9384  pAUC=0.7865  F1=0.7352  Rec=0.9104  Acc=83.51%  [646s]
  seed  789: AUC=0.5000  pAUC=0.5000  F1=0.0000  Rec=0.0000  Acc=74.23%  [654s]
  seed    1: AUC=0.9282  pAUC=0.8189  F1=0.7626  Rec=0.8612  Acc=84.68%  [667s]
  seed 2024: AUC=0.9275  pAUC=0.7705  F1=0.7257  Rec=0.6721  Acc=86.04%  [657s]
  seed  999: AUC=0.9325  pAUC=0.8102  F1=0.7459  Rec=0.6415  Acc=87.48%  [659s]
  seed    7: AUC=0.9356  pAUC=0.7957  F1=0.7281  Rec=0.9167  Acc=82.97%  [687s]
  seed  314: AUC=0.9228  pAUC=0.7643  F1=0.7527  Rec=0.8822  Acc=83.60%  [655s]

[PUMP] extracting Log-Mel features...
    extracted 1000/4205  [47s]
    extracted 2000/4205  [101s]
    extracted 3000/4205  [141s]
    extracted 4000/4205  [185s]
    feature extraction done: 4205 files in 192s
  seed   42: AUC=0.9610  pAUC=0.9207  F1=0.7287  Rec=0.5949  Acc=95.84%  [491s]
  seed    0: AUC=0.9411  pAUC=0.8944  F1=0.7838  Rec=0.7733  Acc=96.20%  [498s]
  seed  123: AUC=0.9327  pAUC=0.8578  F1=0.7282  Rec=0.7978  Acc=93.70%  [486s]
  seed  456: AUC=0.9567  pAUC=0.9309  F1=0.8364  Rec=0.8415  Acc=96.79%  [494s]
  seed  789: AUC=0.9514  pAUC=0.8885  F1=0.7383  Rec=0.6962  Acc=95.36%  [498s]
  seed    1: AUC=0.9556  pAUC=0.9156  F1=0.8485  Rec=0.7778  Acc=97.03%  [493s]
  seed 2024: AUC=0.9369  pAUC=0.8807  F1=0.7746  Rec=0.6569  Acc=95.36%  [497s]
  seed  999: AUC=0.9515  pAUC=0.9026  F1=0.7975  Rec=0.7927  Acc=96.08%  [509s]
  seed    7: AUC=0.9467  pAUC=0.8941  F1=0.7684  Rec=0.6759  Acc=94.77%  [474s]
  seed  314: AUC=0.9643  pAUC=0.9062  F1=0.7636  Rec=0.8936  Acc=93.82%  [398s]

[SLIDER] extracting Log-Mel features...
    extracted 1000/4094  [34s]
    extracted 2000/4094  [66s]
    extracted 3000/4094  [98s]
    extracted 4000/4094  [131s]
    feature extraction done: 4094 files in 134s
  seed   42: AUC=0.9946  pAUC=0.9785  F1=0.9128  Rec=0.8500  Acc=96.83%  [438s]
  seed    0: AUC=0.9921  pAUC=0.9741  F1=0.9314  Rec=0.8956  Acc=97.07%  [438s]
  seed  123: AUC=0.9937  pAUC=0.9854  F1=0.9480  Rec=0.9337  Acc=97.92%  [442s]
  seed  456: AUC=0.9905  pAUC=0.9776  F1=0.8923  Rec=0.8192  Acc=95.73%  [436s]
  seed  789: AUC=0.9950  pAUC=0.9802  F1=0.9415  Rec=0.9441  Acc=97.44%  [439s]
  seed    1: AUC=0.9988  pAUC=0.9937  F1=0.9686  Rec=0.9737  Acc=98.53%  [437s]
  seed 2024: AUC=0.9840  pAUC=0.9745  F1=0.9405  Rec=0.8969  Acc=97.31%  [351s]
  seed  999: AUC=0.9963  pAUC=0.9835  F1=0.9448  Rec=0.9243  Acc=97.56%  [357s]
  seed    7: AUC=0.9965  pAUC=0.9823  F1=0.9226  Rec=0.8659  Acc=96.83%  [331s]
  seed  314: AUC=0.9939  pAUC=0.9738  F1=0.9061  Rec=0.8333  Acc=96.46%  [327s]

[VALVE] extracting Log-Mel features...
    extracted 1000/4170  [13s]
    extracted 2000/4170  [27s]
    extracted 3000/4170  [49s]
    extracted 4000/4170  [69s]
    feature extraction done: 4170 files in 73s
  seed   42: AUC=0.9662  pAUC=0.9212  F1=0.8113  Rec=0.7890  Acc=95.20%  [338s]
  seed    0: AUC=0.9854  pAUC=0.9538  F1=0.8521  Rec=0.7579  Acc=97.00%  [333s]
  seed  123: AUC=0.9910  pAUC=0.9749  F1=0.9213  Rec=0.9011  Acc=98.32%  [331s]
  seed  456: AUC=0.9867  pAUC=0.9524  F1=0.8736  Rec=0.8636  Acc=97.36%  [332s]
  seed  789: AUC=0.9969  pAUC=0.9835  F1=0.8744  Rec=0.9895  Acc=96.76%  [332s]
  seed    1: AUC=0.9910  pAUC=0.9714  F1=0.8710  Rec=0.7941  Acc=97.12%  [332s]
  seed 2024: AUC=0.9931  pAUC=0.9637  F1=0.8950  Rec=0.8438  Acc=97.72%  [332s]
  seed  999: AUC=0.9893  pAUC=0.9692  F1=0.8846  Rec=0.9109  Acc=97.12%  [334s]
  seed    7: AUC=0.9919  pAUC=0.9803  F1=0.7451  Rec=0.5938  Acc=95.32%  [361s]
  seed  314: AUC=0.5000  pAUC=0.5000  F1=0.0000  Rec=0.0000  Acc=87.89%  [357s]

Total runtime: 5.31 h
FAN     AUC           : 0.8863 +/- 0.1290  [0.5000 - 0.9395]  95% CI [0.7977, 0.9329]
FAN     PAUC          : 0.7634 +/- 0.0894  [0.5000 - 0.8189]  95% CI [0.6998, 0.8008]
FAN     F1            : 0.6745 +/- 0.2254  [0.0000 - 0.7731]  95% CI [0.5213, 0.7560]
FAN     F1_CAL        : 0.6901 +/- 0.0976  [0.4097 - 0.7653]  95% CI [0.6167, 0.7362]
FAN     RECALL        : 0.7353 +/- 0.2623  [0.0000 - 0.9167]  95% CI [0.5430, 0.8636]
FAN     RECALL_CAL    : 0.6773 +/- 0.1285  [0.5556 - 1.0000]  95% CI [0.6094, 0.7619]
FAN     PRECISION     : 0.6406 +/- 0.2296  [0.0000 - 0.8908]  95% CI [0.4749, 0.7524]
FAN     PRECISION_CAL : 0.7792 +/- 0.1794  [0.2577 - 0.9036]  95% CI [0.6521, 0.8583]
FAN     ACC           : 84.1171 +/- 3.5984  [74.2342 - 87.4775]  95% CI [81.4955, 85.8829]
FAN     ACC_CAL       : 80.5405 +/- 18.2887  [25.7658 - 88.2883]  95% CI [67.8824, 87.1622]
PUMP    AUC           : 0.9498 +/- 0.0098  [0.9327 - 0.9643]  95% CI [0.9434, 0.9553]
PUMP    PAUC          : 0.8991 +/- 0.0200  [0.8578 - 0.9309]  95% CI [0.8861, 0.9111]
PUMP    F1            : 0.7768 +/- 0.0395  [0.7282 - 0.8485]  95% CI [0.7525, 0.8024]
PUMP    F1_CAL        : 0.7125 +/- 0.0762  [0.5532 - 0.8414]  95% CI [0.6629, 0.7617]
PUMP    RECALL        : 0.7501 +/- 0.0869  [0.5949 - 0.8936]  95% CI [0.6912, 0.8037]
PUMP    RECALL_CAL    : 0.5885 +/- 0.1015  [0.3824 - 0.7439]  95% CI [0.5233, 0.6531]
PUMP    PRECISION     : 0.8258 +/- 0.0977  [0.6667 - 0.9437]  95% CI [0.7649, 0.8847]
PUMP    PRECISION_CAL : 0.9304 +/- 0.0704  [0.7500 - 1.0000]  95% CI [0.8820, 0.9669]
PUMP    ACC           : 95.4935 +/- 1.0760  [93.6980 - 97.0273]  95% CI [94.8038, 96.1474]
PUMP    ACC_CAL       : 95.1130 +/- 1.2778  [92.5089 - 97.2652]  95% CI [94.3754, 95.8861]
SLIDER  AUC           : 0.9935 +/- 0.0039  [0.9840 - 0.9988]  95% CI [0.9911, 0.9957]
SLIDER  PAUC          : 0.9804 +/- 0.0059  [0.9738 - 0.9937]  95% CI [0.9770, 0.9842]
SLIDER  F1            : 0.9309 +/- 0.0215  [0.8923 - 0.9686]  95% CI [0.9181, 0.9434]
SLIDER  F1_CAL        : 0.8952 +/- 0.0292  [0.8571 - 0.9432]  95% CI [0.8774, 0.9148]
SLIDER  RECALL        : 0.8937 +/- 0.0483  [0.8192 - 0.9737]  95% CI [0.8656, 0.9243]
SLIDER  RECALL_CAL    : 0.8184 +/- 0.0547  [0.7500 - 0.9274]  95% CI [0.7856, 0.8563]
SLIDER  PRECISION     : 0.9736 +/- 0.0157  [0.9389 - 0.9929]  95% CI [0.9628, 0.9821]
SLIDER  PRECISION_CAL : 0.9910 +/- 0.0117  [0.9595 - 1.0000]  95% CI [0.9824, 0.9972]
SLIDER  ACC           : 97.1673 +/- 0.7423  [95.7265 - 98.5348]  95% CI [96.7396, 97.6190]
SLIDER  ACC_CAL       : 95.8974 +/- 1.0086  [94.7497 - 97.5580]  95% CI [95.2869, 96.5812]
VALVE   AUC           : 0.9392 +/- 0.1466  [0.5000 - 0.9969]  95% CI [0.8397, 0.9914]
VALVE   PAUC          : 0.9170 +/- 0.1401  [0.5000 - 0.9835]  95% CI [0.8198, 0.9709]
VALVE   F1            : 0.7728 +/- 0.2618  [0.0000 - 0.9213]  95% CI [0.5936, 0.8813]
VALVE   F1_CAL        : 0.6175 +/- 0.1768  [0.2160 - 0.9222]  95% CI [0.4956, 0.7201]
VALVE   RECALL        : 0.7444 +/- 0.2679  [0.0000 - 0.9895]  95% CI [0.5668, 0.8767]
VALVE   RECALL_CAL    : 0.5601 +/- 0.2080  [0.3564 - 1.0000]  95% CI [0.4415, 0.6965]
VALVE   PRECISION     : 0.8195 +/- 0.2809  [0.0000 - 1.0000]  95% CI [0.6173, 0.9397]
VALVE   PRECISION_CAL : 0.9081 +/- 0.2625  [0.1211 - 1.0000]  95% CI [0.7315, 1.0000]
VALVE   ACC           : 95.9832 +/- 2.8492  [87.8897 - 98.3213]  95% CI [94.0039, 97.3501]
VALVE   ACC_CAL       : 86.0432 +/- 24.7040  [12.1103 - 98.3213]  95% CI [69.0288, 95.1319]

[SAVED] C:\Users\renuv\Acoustic Anomaly Detection\results\baselines_multiseed_stgram_results.txt
[SAVED] C:\Users\renuv\Acoustic Anomaly Detection\results\baselines_multiseed_stgram_checkpoint.json
