======================================================================
SCRIPT 15 - Multi-seed baseline: MOBILENET
Log-Mel(64) + pos_weight + BCE | epochs=10
Machines: ['fan', 'pump', 'slider', 'valve'] | Seeds: [42, 0, 123, 456, 789, 1, 2024, 999, 7, 314]
======================================================================

[FAN] extracting Log-Mel features...
    extracted 1000/5550  [17s]
    extracted 2000/5550  [33s]
    extracted 3000/5550  [61s]
    extracted 4000/5550  [76s]
    extracted 5000/5550  [91s]
    feature extraction done: 5550 files in 100s
  seed   42: AUC=0.7927  pAUC=0.6618  F1=0.5772  Rec=0.5937  Acc=75.32%  [296s]
  seed    0: AUC=0.8322  pAUC=0.6936  F1=0.6047  Rec=0.7727  Acc=73.96%  [316s]
  seed  123: AUC=0.8284  pAUC=0.6707  F1=0.6172  Rec=0.6032  Acc=79.10%  [294s]
  seed  456: AUC=0.8233  pAUC=0.6572  F1=0.5902  Rec=0.5806  Acc=79.73%  [280s]
  seed  789: AUC=0.8432  pAUC=0.6698  F1=0.5959  Rec=0.5594  Acc=80.45%  [280s]
  seed    1: AUC=0.8426  pAUC=0.6557  F1=0.6096  Rec=0.5394  Acc=80.27%  [279s]
  seed 2024: AUC=0.8608  pAUC=0.6809  F1=0.6678  Rec=0.6590  Acc=81.98%  [267s]
  seed  999: AUC=0.8914  pAUC=0.7554  F1=0.7071  Rec=0.6604  Acc=84.32%  [264s]
  seed    7: AUC=0.8892  pAUC=0.7550  F1=0.7045  Rec=0.6739  Acc=85.95%  [271s]
  seed  314: AUC=0.8751  pAUC=0.6879  F1=0.6581  Rec=0.6529  Acc=80.81%  [268s]

[PUMP] extracting Log-Mel features...
    extracted 1000/4205  [36s]
    extracted 2000/4205  [73s]
    extracted 3000/4205  [110s]
    extracted 4000/4205  [146s]
    feature extraction done: 4205 files in 154s
  seed   42: AUC=0.8490  pAUC=0.7539  F1=0.5076  Rec=0.6329  Acc=88.47%  [200s]
  seed    0: AUC=0.8928  pAUC=0.7771  F1=0.4907  Rec=0.7067  Acc=86.92%  [187s]
  seed  123: AUC=0.9033  pAUC=0.7806  F1=0.6171  Rec=0.6067  Acc=92.03%  [203s]
  seed  456: AUC=0.8436  pAUC=0.7738  F1=0.5064  Rec=0.7195  Acc=86.33%  [197s]
  seed  789: AUC=0.9097  pAUC=0.7914  F1=0.6000  Rec=0.6835  Acc=91.44%  [182s]
  seed    1: AUC=0.9075  pAUC=0.8021  F1=0.6424  Rec=0.5889  Acc=92.98%  [194s]
  seed 2024: AUC=0.8777  pAUC=0.7799  F1=0.6207  Rec=0.6176  Acc=90.84%  [189s]
  seed  999: AUC=0.8735  pAUC=0.8297  F1=0.6480  Rec=0.7073  Acc=92.51%  [187s]
  seed    7: AUC=0.9271  pAUC=0.8566  F1=0.7374  Rec=0.6759  Acc=93.82%  [182s]
  seed  314: AUC=0.9276  pAUC=0.8344  F1=0.6396  Rec=0.7553  Acc=90.49%  [184s]

[SLIDER] extracting Log-Mel features...
    extracted 1000/4094  [34s]
    extracted 2000/4094  [66s]
    extracted 3000/4094  [100s]
    extracted 4000/4094  [132s]
    feature extraction done: 4094 files in 135s
  seed   42: AUC=0.9494  pAUC=0.8902  F1=0.7823  Rec=0.6625  Acc=92.80%  [182s]
  seed    0: AUC=0.9596  pAUC=0.9161  F1=0.8508  Rec=0.8462  Acc=93.41%  [184s]
  seed  123: AUC=0.9544  pAUC=0.8925  F1=0.8282  Rec=0.8133  Acc=93.16%  [182s]
  seed  456: AUC=0.9408  pAUC=0.8814  F1=0.8034  Rec=0.7966  Acc=91.58%  [182s]
  seed  789: AUC=0.9745  pAUC=0.9536  F1=0.9059  Rec=0.8603  Acc=96.09%  [180s]
  seed    1: AUC=0.9663  pAUC=0.9204  F1=0.8703  Rec=0.8474  Acc=94.14%  [198s]
  seed 2024: AUC=0.9546  pAUC=0.9023  F1=0.7500  Rec=0.6031  Acc=90.48%  [187s]
  seed  999: AUC=0.9578  pAUC=0.8942  F1=0.8488  Rec=0.8649  Acc=93.04%  [199s]
  seed    7: AUC=0.9717  pAUC=0.9345  F1=0.8902  Rec=0.8380  Acc=95.48%  [174s]
  seed  314: AUC=0.9632  pAUC=0.9302  F1=0.8663  Rec=0.8869  Acc=94.38%  [170s]

[VALVE] extracting Log-Mel features...
    extracted 1000/4170  [56s]
    extracted 2000/4170  [108s]
    extracted 3000/4170  [159s]
    extracted 4000/4170  [211s]
    feature extraction done: 4170 files in 219s
  seed   42: AUC=0.7535  pAUC=0.6374  F1=0.3636  Rec=0.2752  Acc=87.41%  [179s]
  seed    0: AUC=0.7743  pAUC=0.6612  F1=0.4359  Rec=0.3579  Acc=89.45%  [189s]
  seed  123: AUC=0.8783  pAUC=0.6996  F1=0.5238  Rec=0.6044  Acc=88.01%  [190s]
  seed  456: AUC=0.7251  pAUC=0.5759  F1=0.1833  Rec=0.1250  Acc=88.25%  [192s]
  seed  789: AUC=0.8391  pAUC=0.6933  F1=0.5000  Rec=0.4842  Acc=88.97%  [190s]
  seed    1: AUC=0.8255  pAUC=0.7106  F1=0.5233  Rec=0.4412  Acc=90.17%  [197s]
  seed 2024: AUC=0.7723  pAUC=0.6442  F1=0.3718  Rec=0.3021  Acc=88.25%  [187s]
  seed  999: AUC=0.8043  pAUC=0.7100  F1=0.5054  Rec=0.4653  Acc=88.97%  [188s]
  seed    7: AUC=0.7810  pAUC=0.6450  F1=0.4156  Rec=0.5000  Acc=83.81%  [211s]
  seed  314: AUC=0.9461  pAUC=0.8254  F1=0.6763  Rec=0.6931  Acc=91.97%  [208s]

Total runtime: 2.53 h
FAN     AUC           : 0.8479 +/- 0.0297  [0.7927 - 0.8914]  95% CI [0.8287, 0.8654]
FAN     PAUC          : 0.6888 +/- 0.0352  [0.6557 - 0.7554]  95% CI [0.6692, 0.7124]
FAN     F1            : 0.6332 +/- 0.0451  [0.5772 - 0.7071]  95% CI [0.6062, 0.6606]
FAN     F1_CAL        : 0.6291 +/- 0.0442  [0.5714 - 0.7030]  95% CI [0.6026, 0.6574]
FAN     RECALL        : 0.6295 +/- 0.0650  [0.5394 - 0.7727]  95% CI [0.5911, 0.6725]
FAN     RECALL_CAL    : 0.5909 +/- 0.0566  [0.5143 - 0.6775]  95% CI [0.5573, 0.6250]
FAN     PRECISION     : 0.6467 +/- 0.0760  [0.4966 - 0.7609]  95% CI [0.5991, 0.6929]
FAN     PRECISION_CAL : 0.6753 +/- 0.0416  [0.6026 - 0.7354]  95% CI [0.6483, 0.7008]
FAN     ACC           : 80.1892 +/- 3.4325  [73.9640 - 85.9459]  95% CI [78.0899, 82.2257]
FAN     ACC_CAL       : 81.2162 +/- 2.0971  [78.1081 - 85.7658]  95% CI [80.0270, 82.5586]
PUMP    AUC           : 0.8912 +/- 0.0281  [0.8436 - 0.9276]  95% CI [0.8736, 0.9072]
PUMP    PAUC          : 0.7979 +/- 0.0307  [0.7539 - 0.8566]  95% CI [0.7798, 0.8173]
PUMP    F1            : 0.6010 +/- 0.0738  [0.4907 - 0.7374]  95% CI [0.5554, 0.6437]
PUMP    F1_CAL        : 0.6168 +/- 0.0699  [0.5271 - 0.7374]  95% CI [0.5753, 0.6630]
PUMP    RECALL        : 0.6694 +/- 0.0523  [0.5889 - 0.7553]  95% CI [0.6370, 0.7001]
PUMP    RECALL_CAL    : 0.5251 +/- 0.0828  [0.3820 - 0.6759]  95% CI [0.4739, 0.5772]
PUMP    PRECISION     : 0.5647 +/- 0.1328  [0.3759 - 0.8111]  95% CI [0.4837, 0.6437]
PUMP    PRECISION_CAL : 0.7617 +/- 0.0840  [0.6462 - 0.8545]  95% CI [0.7098, 0.8152]
PUMP    ACC           : 90.5826 +/- 2.4263  [86.3258 - 93.8169]  95% CI [88.9649, 91.9504]
PUMP    ACC_CAL       : 93.3294 +/- 0.8177  [92.2711 - 94.8870]  95% CI [92.8656, 93.8647]
SLIDER  AUC           : 0.9592 +/- 0.0097  [0.9408 - 0.9745]  95% CI [0.9535, 0.9649]
SLIDER  PAUC          : 0.9115 +/- 0.0220  [0.8814 - 0.9536]  95% CI [0.8995, 0.9250]
SLIDER  F1            : 0.8396 +/- 0.0464  [0.7500 - 0.9059]  95% CI [0.8100, 0.8665]
SLIDER  F1_CAL        : 0.8450 +/- 0.0272  [0.8094 - 0.8963]  95% CI [0.8288, 0.8622]
SLIDER  RECALL        : 0.8019 +/- 0.0889  [0.6031 - 0.8869]  95% CI [0.7426, 0.8519]
SLIDER  RECALL_CAL    : 0.7810 +/- 0.0355  [0.7268 - 0.8333]  95% CI [0.7601, 0.8034]
SLIDER  PRECISION     : 0.8936 +/- 0.0609  [0.8103 - 0.9915]  95% CI [0.8584, 0.9323]
SLIDER  PRECISION_CAL : 0.9226 +/- 0.0430  [0.8415 - 0.9866]  95% CI [0.8969, 0.9457]
SLIDER  ACC           : 93.4554 +/- 1.5969  [90.4762 - 96.0928]  95% CI [92.4664, 94.4078]
SLIDER  ACC_CAL       : 93.7851 +/- 1.0982  [92.0635 - 95.8486]  95% CI [93.1502, 94.4692]
VALVE   AUC           : 0.8100 +/- 0.0618  [0.7251 - 0.9461]  95% CI [0.7750, 0.8539]
VALVE   PAUC          : 0.6803 +/- 0.0625  [0.5759 - 0.8254]  95% CI [0.6453, 0.7238]
VALVE   F1            : 0.4499 +/- 0.1240  [0.1833 - 0.6763]  95% CI [0.3735, 0.5281]
VALVE   F1_CAL        : 0.4327 +/- 0.1015  [0.2482 - 0.6512]  95% CI [0.3742, 0.5022]
VALVE   RECALL        : 0.4248 +/- 0.1572  [0.1250 - 0.6931]  95% CI [0.3320, 0.5221]
VALVE   RECALL_CAL    : 0.3491 +/- 0.0965  [0.1932 - 0.5545]  95% CI [0.2920, 0.4158]
VALVE   PRECISION     : 0.5111 +/- 0.0998  [0.3438 - 0.6604]  95% CI [0.4503, 0.5781]
VALVE   PRECISION_CAL : 0.5809 +/- 0.1180  [0.3469 - 0.7887]  95% CI [0.5073, 0.6564]
VALVE   ACC           : 88.5252 +/- 1.9913  [83.8129 - 91.9664]  95% CI [87.2302, 89.7485]
VALVE   ACC_CAL       : 89.4844 +/- 1.6176  [86.9305 - 92.8058]  95% CI [88.4766, 90.5875]

[SAVED] C:\Users\renuv\Acoustic Anomaly Detection\results\baselines_multiseed_mobilenet_results.txt
[SAVED] C:\Users\renuv\Acoustic Anomaly Detection\results\baselines_multiseed_mobilenet_checkpoint.json
